<?xml version="1.0" encoding="UTF-8"?>
<testsuite xmlns:xsi="http://www.w3.org/2001/XMLSchema-instance" xsi:noNamespaceSchemaLocation="https://maven.apache.org/surefire/maven-surefire-plugin/xsd/surefire-test-report-3.0.xsd" version="3.0" name="ca.bc.gov.open.jagefilingapi.qa.tests.LandingPageTest" time="8.185" tests="1" errors="0" skipped="0" failures="0">
  <properties>
[...]
</properties>
  <testcase name="verifyLandingPageTitleTest" classname="ca.bc.gov.open.jagefilingapi.qa.tests.LandingPageTest" time="8.106"/>
</testsuite>